2019-01-26 12:36:49 - PHP Warning:  include_once(C:/OSP/OSPanel/domains/yugin.loc/system/storage/vendor/scss.inc.php): failed to open stream: No such file or directory in C:\OSP\OSPanel\domains\yugin.loc\admin\controller\startup\sass.php on line 7
2019-01-26 12:36:49 - PHP Warning:  include_once(): Failed opening 'C:/OSP/OSPanel/domains/yugin.loc/system/storage/vendor/scss.inc.php' for inclusion (include_path='.;c:/osp/ospanel/modules/php/PHP-5.6-x64;c:/osp/ospanel/modules/php/PHP-5.6-x64/PEAR/pear') in C:\OSP\OSPanel\domains\yugin.loc\admin\controller\startup\sass.php on line 7
2019-01-26 12:37:23 - PHP Warning:  include_once(C:/OSP/OSPanel/domains/yugin.loc/system/storage/vendor/scss.inc.php): failed to open stream: No such file or directory in C:\OSP\OSPanel\domains\yugin.loc\admin\controller\startup\sass.php on line 7
2019-01-26 12:37:23 - PHP Warning:  include_once(): Failed opening 'C:/OSP/OSPanel/domains/yugin.loc/system/storage/vendor/scss.inc.php' for inclusion (include_path='.;c:/osp/ospanel/modules/php/PHP-5.6-x64;c:/osp/ospanel/modules/php/PHP-5.6-x64/PEAR/pear') in C:\OSP\OSPanel\domains\yugin.loc\admin\controller\startup\sass.php on line 7
2019-01-26 12:37:54 - PHP Warning:  include_once(C:/OSP/OSPanel/domains/yugin.loc/system/storage/vendor/scss.inc.php): failed to open stream: No such file or directory in C:\OSP\OSPanel\domains\yugin.loc\admin\controller\startup\sass.php on line 7
2019-01-26 12:37:54 - PHP Warning:  include_once(): Failed opening 'C:/OSP/OSPanel/domains/yugin.loc/system/storage/vendor/scss.inc.php' for inclusion (include_path='.;c:/osp/ospanel/modules/php/PHP-5.6-x64;c:/osp/ospanel/modules/php/PHP-5.6-x64/PEAR/pear') in C:\OSP\OSPanel\domains\yugin.loc\admin\controller\startup\sass.php on line 7
2019-01-26 12:38:01 - PHP Warning:  include_once(C:/OSP/OSPanel/domains/yugin.loc/system/storage/vendor/scss.inc.php): failed to open stream: No such file or directory in C:\OSP\OSPanel\domains\yugin.loc\admin\controller\startup\sass.php on line 7
2019-01-26 12:38:01 - PHP Warning:  include_once(): Failed opening 'C:/OSP/OSPanel/domains/yugin.loc/system/storage/vendor/scss.inc.php' for inclusion (include_path='.;c:/osp/ospanel/modules/php/PHP-5.6-x64;c:/osp/ospanel/modules/php/PHP-5.6-x64/PEAR/pear') in C:\OSP\OSPanel\domains\yugin.loc\admin\controller\startup\sass.php on line 7
2019-01-26 12:39:11 - PHP Warning:  include_once(C:/OSP/OSPanel/domains/yugin.loc/system/storage/vendor/scss.inc.php): failed to open stream: No such file or directory in C:\OSP\OSPanel\domains\yugin.loc\admin\controller\startup\sass.php on line 7
2019-01-26 12:39:11 - PHP Warning:  include_once(): Failed opening 'C:/OSP/OSPanel/domains/yugin.loc/system/storage/vendor/scss.inc.php' for inclusion (include_path='.;c:/osp/ospanel/modules/php/PHP-5.6-x64;c:/osp/ospanel/modules/php/PHP-5.6-x64/PEAR/pear') in C:\OSP\OSPanel\domains\yugin.loc\admin\controller\startup\sass.php on line 7
2019-03-06 16:27:42 - PHP Warning:  unlink(/home/bh54885/yugin.pro/system/storage/cache/cache.admin.language.1551889240): No such file or directory in /home/bh54885/yugin.pro/system/library/cache/file.php on line 17
2019-03-13 3:08:07 - PHP Warning:  unlink(/home/bh54885/yugin.pro/system/storage/cache/cache.catalog.language.1552449123): No such file or directory in /home/bh54885/yugin.pro/system/library/cache/file.php on line 68
2019-03-18 15:49:03 - PHP Warning:  unlink(/home/bh54885/yugin.pro/system/storage/cache/cache.catalog.language.1552927678): No such file or directory in /home/bh54885/yugin.pro/system/library/cache/file.php on line 68
2019-03-18 15:49:03 - PHP Warning:  unlink(/home/bh54885/yugin.pro/system/storage/cache/cache.catalog.language.1552927743): No such file or directory in /home/bh54885/yugin.pro/system/library/cache/file.php on line 68
2019-03-19 14:33:56 - PHP Warning:  unlink(/home/bh54885/yugin.pro/system/storage/cache/cache.currency.1552986677): No such file or directory in /home/bh54885/yugin.pro/system/library/cache/file.php on line 17
2019-03-28 6:31:27 - PHP Warning:  unlink(/home/bh54885/yugin.pro/system/storage/cache/cache.catalog.language.1553745890): No such file or directory in /home/bh54885/yugin.pro/system/library/cache/file.php on line 17
2019-03-28 9:12:23 - PHP Warning:  unlink(/home/bh54885/yugin.pro/system/storage/cache/cache.catalog.language.1553758503): No such file or directory in /home/bh54885/yugin.pro/system/library/cache/file.php on line 17
2019-04-14 6:45:54 - PHP Warning:  unlink(/home/bh54885/yugin.pro/system/storage/cache/cache.catalog.language.1555202711): No such file or directory in /home/bh54885/yugin.pro/system/library/cache/file.php on line 17
2019-04-14 6:45:55 - PHP Warning:  unlink(/home/bh54885/yugin.pro/system/storage/cache/cache.catalog.language.1555227954): No such file or directory in /home/bh54885/yugin.pro/system/library/cache/file.php on line 68
2019-04-14 22:17:02 - PHP Warning:  unlink(/home/bh54885/yugin.pro/system/storage/cache/cache.catalog.language.1555276740): No such file or directory in /home/bh54885/yugin.pro/system/library/cache/file.php on line 17
2019-04-14 22:17:02 - PHP Warning:  unlink(/home/bh54885/yugin.pro/system/storage/cache/cache.catalog.language.1555283822): No such file or directory in /home/bh54885/yugin.pro/system/library/cache/file.php on line 68
2019-04-18 15:36:37 - PHP Warning:  unlink(/home/bh54885/yugin.pro/system/storage/cache/cache.catalog.language.1555605397): No such file or directory in /home/bh54885/yugin.pro/system/library/cache/file.php on line 68
2019-04-23 17:20:09 - PHP Warning:  unlink(/home/bh54885/yugin.pro/system/storage/cache/cache.catalog.language.1556043609): No such file or directory in /home/bh54885/yugin.pro/system/library/cache/file.php on line 68
2019-04-23 20:51:07 - PHP Warning:  unlink(/home/bh54885/yugin.pro/system/storage/cache/cache.catalog.language.1556043609): No such file or directory in /home/bh54885/yugin.pro/system/library/cache/file.php on line 17
2019-04-29 4:59:19 - PHP Warning:  unlink(/home/bh54885/yugin.pro/system/storage/cache/cache.currency.1556513233): No such file or directory in /home/bh54885/yugin.pro/system/library/cache/file.php on line 17
2019-05-04 18:46:38 - PHP Warning:  unlink(/home/bh54885/yugin.pro/system/storage/cache/cache.catalog.language.1556983869): No such file or directory in /home/bh54885/yugin.pro/system/library/cache/file.php on line 17
2019-05-12 0:53:48 - PHP Warning:  unlink(/home/bh54885/yugin.pro/system/storage/cache/cache.catalog.language.1557626027): No such file or directory in /home/bh54885/yugin.pro/system/library/cache/file.php on line 68
2019-05-18 2:21:14 - PHP Warning:  unlink(/home/bh54885/yugin.pro/system/storage/cache/cache.catalog.language.1558149674): No such file or directory in /home/bh54885/yugin.pro/system/library/cache/file.php on line 68
2019-05-19 14:52:37 - PHP Warning:  unlink(/home/bh54885/yugin.pro/system/storage/cache/cache.catalog.language.1558281157): No such file or directory in /home/bh54885/yugin.pro/system/library/cache/file.php on line 68
2019-05-23 5:19:57 - PHP Warning:  unlink(/home/bh54885/yugin.pro/system/storage/cache/cache.catalog.language.1558584431): No such file or directory in /home/bh54885/yugin.pro/system/library/cache/file.php on line 17
2019-05-28 14:23:53 - PHP Warning:  unlink(/home/bh54885/yugin.pro/system/storage/cache/cache.currency.1559050163): No such file or directory in /home/bh54885/yugin.pro/system/library/cache/file.php on line 17
